@!@!@STARTMSG 2262:0 @!@!@
TLC2 Version 2.16 of 31 December 2020 (rev: cdddf55)
@!@!@ENDMSG 2262 @!@!@
@!@!@STARTMSG 2187:0 @!@!@
Running breadth-first search Model-Checking with fp 25 and seed -2959017479382407456 with 4 workers on 8 cores with 578MB heap and 1297MB offheap memory [pid: 4273] (Linux 5.15.0-46-generic amd64, AdoptOpenJDK 14.0.1 x86_64, OffHeapDiskFPSet, DiskStateQueue).
@!@!@ENDMSG 2187 @!@!@
@!@!@STARTMSG 2220:0 @!@!@
Starting SANY...
@!@!@ENDMSG 2220 @!@!@
Parsing file /home/mr_ab/Acads/Sem_5/model_checking/lab/Synchonous_fds_composition.toolbox/Model_1/MC.tla
Parsing file /home/mr_ab/Acads/Sem_5/model_checking/lab/Synchonous_fds_composition.toolbox/Model_1/Synchonous_fds_composition.tla
Parsing file /opt/TLA+Toolbox/plugins/org.lamport.tlatools_1.0.0.202012311918/tla2sany/StandardModules/TLC.tla
Parsing file /opt/TLA+Toolbox/plugins/org.lamport.tlatools_1.0.0.202012311918/tla2sany/StandardModules/Integers.tla
Parsing file /opt/TLA+Toolbox/plugins/org.lamport.tlatools_1.0.0.202012311918/tla2sany/StandardModules/Naturals.tla
Parsing file /opt/TLA+Toolbox/plugins/org.lamport.tlatools_1.0.0.202012311918/tla2sany/StandardModules/Sequences.tla
Parsing file /opt/TLA+Toolbox/plugins/org.lamport.tlatools_1.0.0.202012311918/tla2sany/StandardModules/FiniteSets.tla
Semantic processing of module Naturals
Semantic processing of module Integers
Semantic processing of module Synchonous_fds_composition
Semantic processing of module Sequences
Semantic processing of module FiniteSets
Semantic processing of module TLC
Semantic processing of module MC
@!@!@STARTMSG 2219:0 @!@!@
SANY finished.
@!@!@ENDMSG 2219 @!@!@
@!@!@STARTMSG 2185:0 @!@!@
Starting... (2022-08-31 22:34:03)
@!@!@ENDMSG 2185 @!@!@
@!@!@STARTMSG 2189:0 @!@!@
Computing initial states...
@!@!@ENDMSG 2189 @!@!@
@!@!@STARTMSG 2190:0 @!@!@
Finished computing initial states: 1 distinct state generated at 2022-08-31 22:34:03.
@!@!@ENDMSG 2190 @!@!@
@!@!@STARTMSG 2110:1 @!@!@
Invariant inv_16619654430273000 is violated.
@!@!@ENDMSG 2110 @!@!@
@!@!@STARTMSG 2121:1 @!@!@
The behavior up to this point is:
@!@!@ENDMSG 2121 @!@!@
@!@!@STARTMSG 2217:4 @!@!@
1: <Initial predicate>
/\ Counter = 0
/\ S1 = 0
/\ S2 = 1

@!@!@ENDMSG 2217 @!@!@
@!@!@STARTMSG 2217:4 @!@!@
2: <Next line 30, col 9 to line 30, col 20 of module Synchonous_fds_composition>
/\ Counter = 1
/\ S1 = 0
/\ S2 = 1

@!@!@ENDMSG 2217 @!@!@
@!@!@STARTMSG 2217:4 @!@!@
3: <Next line 30, col 9 to line 30, col 20 of module Synchonous_fds_composition>
/\ Counter = 2
/\ S1 = 0
/\ S2 = 1

@!@!@ENDMSG 2217 @!@!@
@!@!@STARTMSG 2217:4 @!@!@
4: <Next line 30, col 9 to line 30, col 20 of module Synchonous_fds_composition>
/\ Counter = 3
/\ S1 = 0
/\ S2 = 1

@!@!@ENDMSG 2217 @!@!@
@!@!@STARTMSG 2217:4 @!@!@
5: <Next line 30, col 9 to line 30, col 20 of module Synchonous_fds_composition>
/\ Counter = 4
/\ S1 = 0
/\ S2 = 1

@!@!@ENDMSG 2217 @!@!@
@!@!@STARTMSG 2217:4 @!@!@
6: <Next line 30, col 9 to line 30, col 20 of module Synchonous_fds_composition>
/\ Counter = 5
/\ S1 = 0
/\ S2 = 1

@!@!@ENDMSG 2217 @!@!@
@!@!@STARTMSG 2217:4 @!@!@
7: <Next line 30, col 9 to line 30, col 20 of module Synchonous_fds_composition>
/\ Counter = 6
/\ S1 = 0
/\ S2 = 1

@!@!@ENDMSG 2217 @!@!@
@!@!@STARTMSG 2217:4 @!@!@
8: <Next line 30, col 9 to line 30, col 20 of module Synchonous_fds_composition>
/\ Counter = 7
/\ S1 = 0
/\ S2 = 1

@!@!@ENDMSG 2217 @!@!@
@!@!@STARTMSG 2217:4 @!@!@
9: <Next line 30, col 9 to line 30, col 20 of module Synchonous_fds_composition>
/\ Counter = 8
/\ S1 = 0
/\ S2 = 1

@!@!@ENDMSG 2217 @!@!@
@!@!@STARTMSG 2217:4 @!@!@
10: <Next line 30, col 9 to line 30, col 20 of module Synchonous_fds_composition>
/\ Counter = 9
/\ S1 = 0
/\ S2 = 1

@!@!@ENDMSG 2217 @!@!@
@!@!@STARTMSG 2217:4 @!@!@
11: <Next line 30, col 9 to line 30, col 20 of module Synchonous_fds_composition>
/\ Counter = 10
/\ S1 = 0
/\ S2 = 1

@!@!@ENDMSG 2217 @!@!@
@!@!@STARTMSG 2217:4 @!@!@
12: <Next line 30, col 9 to line 30, col 20 of module Synchonous_fds_composition>
/\ Counter = 11
/\ S1 = 0
/\ S2 = 1

@!@!@ENDMSG 2217 @!@!@
@!@!@STARTMSG 2217:4 @!@!@
13: <Next line 30, col 9 to line 30, col 20 of module Synchonous_fds_composition>
/\ Counter = 12
/\ S1 = 0
/\ S2 = 1

@!@!@ENDMSG 2217 @!@!@
@!@!@STARTMSG 2217:4 @!@!@
14: <Next line 30, col 9 to line 30, col 20 of module Synchonous_fds_composition>
/\ Counter = 13
/\ S1 = 0
/\ S2 = 1

@!@!@ENDMSG 2217 @!@!@
@!@!@STARTMSG 2217:4 @!@!@
15: <Next line 30, col 9 to line 30, col 20 of module Synchonous_fds_composition>
/\ Counter = 14
/\ S1 = 0
/\ S2 = 1

@!@!@ENDMSG 2217 @!@!@
@!@!@STARTMSG 2217:4 @!@!@
16: <Next line 30, col 9 to line 30, col 20 of module Synchonous_fds_composition>
/\ Counter = 15
/\ S1 = 0
/\ S2 = 1

@!@!@ENDMSG 2217 @!@!@
@!@!@STARTMSG 2217:4 @!@!@
17: <Next line 30, col 9 to line 30, col 20 of module Synchonous_fds_composition>
/\ Counter = 16
/\ S1 = 0
/\ S2 = 1

@!@!@ENDMSG 2217 @!@!@
@!@!@STARTMSG 2217:4 @!@!@
18: <Next line 30, col 9 to line 30, col 20 of module Synchonous_fds_composition>
/\ Counter = 17
/\ S1 = 0
/\ S2 = 1

@!@!@ENDMSG 2217 @!@!@
@!@!@STARTMSG 2217:4 @!@!@
19: <Next line 30, col 9 to line 30, col 20 of module Synchonous_fds_composition>
/\ Counter = 18
/\ S1 = 0
/\ S2 = 1

@!@!@ENDMSG 2217 @!@!@
@!@!@STARTMSG 2217:4 @!@!@
20: <Next line 30, col 9 to line 30, col 20 of module Synchonous_fds_composition>
/\ Counter = 19
/\ S1 = 0
/\ S2 = 1

@!@!@ENDMSG 2217 @!@!@
@!@!@STARTMSG 2217:4 @!@!@
21: <Next line 30, col 9 to line 30, col 20 of module Synchonous_fds_composition>
/\ Counter = 20
/\ S1 = 0
/\ S2 = 1

@!@!@ENDMSG 2217 @!@!@
@!@!@STARTMSG 2217:4 @!@!@
22: <Next line 30, col 9 to line 30, col 20 of module Synchonous_fds_composition>
/\ Counter = 0
/\ S1 = 1
/\ S2 = 0

@!@!@ENDMSG 2217 @!@!@
@!@!@STARTMSG 2217:4 @!@!@
23: <Next line 30, col 9 to line 30, col 20 of module Synchonous_fds_composition>
/\ Counter = 1
/\ S1 = 1
/\ S2 = 0

@!@!@ENDMSG 2217 @!@!@
@!@!@STARTMSG 2217:4 @!@!@
24: <Next line 30, col 9 to line 30, col 20 of module Synchonous_fds_composition>
/\ Counter = 2
/\ S1 = 1
/\ S2 = 0

@!@!@ENDMSG 2217 @!@!@
@!@!@STARTMSG 2217:4 @!@!@
25: <Next line 30, col 9 to line 30, col 20 of module Synchonous_fds_composition>
/\ Counter = 3
/\ S1 = 1
/\ S2 = 0

@!@!@ENDMSG 2217 @!@!@
@!@!@STARTMSG 2217:4 @!@!@
26: <Next line 30, col 9 to line 30, col 20 of module Synchonous_fds_composition>
/\ Counter = 4
/\ S1 = 1
/\ S2 = 0

@!@!@ENDMSG 2217 @!@!@
@!@!@STARTMSG 2217:4 @!@!@
27: <Next line 30, col 9 to line 30, col 20 of module Synchonous_fds_composition>
/\ Counter = 5
/\ S1 = 1
/\ S2 = 0

@!@!@ENDMSG 2217 @!@!@
@!@!@STARTMSG 2217:4 @!@!@
28: <Next line 30, col 9 to line 30, col 20 of module Synchonous_fds_composition>
/\ Counter = 6
/\ S1 = 1
/\ S2 = 0

@!@!@ENDMSG 2217 @!@!@
@!@!@STARTMSG 2217:4 @!@!@
29: <Next line 30, col 9 to line 30, col 20 of module Synchonous_fds_composition>
/\ Counter = 7
/\ S1 = 1
/\ S2 = 0

@!@!@ENDMSG 2217 @!@!@
@!@!@STARTMSG 2217:4 @!@!@
30: <Next line 30, col 9 to line 30, col 20 of module Synchonous_fds_composition>
/\ Counter = 8
/\ S1 = 1
/\ S2 = 0

@!@!@ENDMSG 2217 @!@!@
@!@!@STARTMSG 2217:4 @!@!@
31: <Next line 30, col 9 to line 30, col 20 of module Synchonous_fds_composition>
/\ Counter = 9
/\ S1 = 1
/\ S2 = 0

@!@!@ENDMSG 2217 @!@!@
@!@!@STARTMSG 2217:4 @!@!@
32: <Next line 30, col 9 to line 30, col 20 of module Synchonous_fds_composition>
/\ Counter = 10
/\ S1 = 1
/\ S2 = 0

@!@!@ENDMSG 2217 @!@!@
@!@!@STARTMSG 2217:4 @!@!@
33: <Next line 30, col 9 to line 30, col 20 of module Synchonous_fds_composition>
/\ Counter = 11
/\ S1 = 1
/\ S2 = 0

@!@!@ENDMSG 2217 @!@!@
@!@!@STARTMSG 2217:4 @!@!@
34: <Next line 30, col 9 to line 30, col 20 of module Synchonous_fds_composition>
/\ Counter = 12
/\ S1 = 1
/\ S2 = 0

@!@!@ENDMSG 2217 @!@!@
@!@!@STARTMSG 2217:4 @!@!@
35: <Next line 30, col 9 to line 30, col 20 of module Synchonous_fds_composition>
/\ Counter = 13
/\ S1 = 1
/\ S2 = 0

@!@!@ENDMSG 2217 @!@!@
@!@!@STARTMSG 2217:4 @!@!@
36: <Next line 30, col 9 to line 30, col 20 of module Synchonous_fds_composition>
/\ Counter = 14
/\ S1 = 1
/\ S2 = 0

@!@!@ENDMSG 2217 @!@!@
@!@!@STARTMSG 2217:4 @!@!@
37: <Next line 30, col 9 to line 30, col 20 of module Synchonous_fds_composition>
/\ Counter = 15
/\ S1 = 1
/\ S2 = 0

@!@!@ENDMSG 2217 @!@!@
@!@!@STARTMSG 2217:4 @!@!@
38: <Next line 30, col 9 to line 30, col 20 of module Synchonous_fds_composition>
/\ Counter = 16
/\ S1 = 1
/\ S2 = 0

@!@!@ENDMSG 2217 @!@!@
@!@!@STARTMSG 2217:4 @!@!@
39: <Next line 30, col 9 to line 30, col 20 of module Synchonous_fds_composition>
/\ Counter = 17
/\ S1 = 1
/\ S2 = 0

@!@!@ENDMSG 2217 @!@!@
@!@!@STARTMSG 2217:4 @!@!@
40: <Next line 30, col 9 to line 30, col 20 of module Synchonous_fds_composition>
/\ Counter = 18
/\ S1 = 1
/\ S2 = 0

@!@!@ENDMSG 2217 @!@!@
@!@!@STARTMSG 2217:4 @!@!@
41: <Next line 30, col 9 to line 30, col 20 of module Synchonous_fds_composition>
/\ Counter = 19
/\ S1 = 1
/\ S2 = 0

@!@!@ENDMSG 2217 @!@!@
@!@!@STARTMSG 2217:4 @!@!@
42: <Next line 30, col 9 to line 30, col 20 of module Synchonous_fds_composition>
/\ Counter = 20
/\ S1 = 1
/\ S2 = 0

@!@!@ENDMSG 2217 @!@!@
@!@!@STARTMSG 2217:4 @!@!@
43: <Next line 30, col 9 to line 30, col 20 of module Synchonous_fds_composition>
/\ Counter = 0
/\ S1 = 0
/\ S2 = 0

@!@!@ENDMSG 2217 @!@!@
@!@!@STARTMSG 2201:0 @!@!@
The coverage statistics at 2022-08-31 22:34:03
@!@!@ENDMSG 2201 @!@!@
@!@!@STARTMSG 2773:0 @!@!@
<Init line 12, col 1 to line 12, col 4 of module Synchonous_fds_composition>: 2:2
@!@!@ENDMSG 2773 @!@!@
@!@!@STARTMSG 2221:0 @!@!@
  line 12, col 9 to line 12, col 31 of module Synchonous_fds_composition: 2
@!@!@ENDMSG 2221 @!@!@
@!@!@STARTMSG 2772:0 @!@!@
<Next line 30, col 1 to line 30, col 4 of module Synchonous_fds_composition>: 42:84
@!@!@ENDMSG 2772 @!@!@
@!@!@STARTMSG 2221:0 @!@!@
  line 15, col 11 to line 15, col 14 of module Synchonous_fds_composition: 124
@!@!@ENDMSG 2221 @!@!@
@!@!@STARTMSG 2221:0 @!@!@
  |line 15, col 11 to line 15, col 12 of module Synchonous_fds_composition: 84
@!@!@ENDMSG 2221 @!@!@
@!@!@STARTMSG 2221:0 @!@!@
  line 15, col 19 to line 15, col 28 of module Synchonous_fds_composition: 40
@!@!@ENDMSG 2221 @!@!@
@!@!@STARTMSG 2221:0 @!@!@
  |line 15, col 19 to line 15, col 25 of module Synchonous_fds_composition: 42
@!@!@ENDMSG 2221 @!@!@
@!@!@STARTMSG 2221:0 @!@!@
  line 15, col 33 to line 15, col 52 of module Synchonous_fds_composition: 40
@!@!@ENDMSG 2221 @!@!@
@!@!@STARTMSG 2221:0 @!@!@
  line 15, col 62 to line 15, col 78 of module Synchonous_fds_composition: 40
@!@!@ENDMSG 2221 @!@!@
@!@!@STARTMSG 2221:0 @!@!@
  line 16, col 11 to line 16, col 14 of module Synchonous_fds_composition: 85
@!@!@ENDMSG 2221 @!@!@
@!@!@STARTMSG 2221:0 @!@!@
  |line 16, col 11 to line 16, col 12 of module Synchonous_fds_composition: 84
@!@!@ENDMSG 2221 @!@!@
@!@!@STARTMSG 2221:0 @!@!@
  line 16, col 19 to line 16, col 28 of module Synchonous_fds_composition: 43
@!@!@ENDMSG 2221 @!@!@
@!@!@STARTMSG 2221:0 @!@!@
  |line 16, col 19 to line 16, col 25 of module Synchonous_fds_composition: 42
@!@!@ENDMSG 2221 @!@!@
@!@!@STARTMSG 2221:0 @!@!@
  line 16, col 33 to line 16, col 42 of module Synchonous_fds_composition: 1
@!@!@ENDMSG 2221 @!@!@
@!@!@STARTMSG 2221:0 @!@!@
  line 16, col 47 to line 16, col 51 of module Synchonous_fds_composition: 1
@!@!@ENDMSG 2221 @!@!@
@!@!@STARTMSG 2221:0 @!@!@
  line 16, col 62 to line 16, col 76 of module Synchonous_fds_composition: 1
@!@!@ENDMSG 2221 @!@!@
@!@!@STARTMSG 2221:0 @!@!@
  line 17, col 11 to line 17, col 14 of module Synchonous_fds_composition: 123
@!@!@ENDMSG 2221 @!@!@
@!@!@STARTMSG 2221:0 @!@!@
  |line 17, col 11 to line 17, col 12 of module Synchonous_fds_composition: 83
@!@!@ENDMSG 2221 @!@!@
@!@!@STARTMSG 2221:0 @!@!@
  line 17, col 19 to line 17, col 28 of module Synchonous_fds_composition: 40
@!@!@ENDMSG 2221 @!@!@
@!@!@STARTMSG 2221:0 @!@!@
  |line 17, col 19 to line 17, col 25 of module Synchonous_fds_composition: 42
@!@!@ENDMSG 2221 @!@!@
@!@!@STARTMSG 2221:0 @!@!@
  line 17, col 33 to line 17, col 52 of module Synchonous_fds_composition: 40
@!@!@ENDMSG 2221 @!@!@
@!@!@STARTMSG 2221:0 @!@!@
  line 17, col 62 to line 17, col 78 of module Synchonous_fds_composition: 40
@!@!@ENDMSG 2221 @!@!@
@!@!@STARTMSG 2221:0 @!@!@
  line 18, col 11 to line 18, col 14 of module Synchonous_fds_composition: 85
@!@!@ENDMSG 2221 @!@!@
@!@!@STARTMSG 2221:0 @!@!@
  |line 18, col 11 to line 18, col 12 of module Synchonous_fds_composition: 83
@!@!@ENDMSG 2221 @!@!@
@!@!@STARTMSG 2221:0 @!@!@
  line 18, col 19 to line 18, col 28 of module Synchonous_fds_composition: 44
@!@!@ENDMSG 2221 @!@!@
@!@!@STARTMSG 2221:0 @!@!@
  |line 18, col 19 to line 18, col 25 of module Synchonous_fds_composition: 42
@!@!@ENDMSG 2221 @!@!@
@!@!@STARTMSG 2221:0 @!@!@
  line 18, col 33 to line 18, col 42 of module Synchonous_fds_composition: 2
@!@!@ENDMSG 2221 @!@!@
@!@!@STARTMSG 2221:0 @!@!@
  line 18, col 47 to line 18, col 51 of module Synchonous_fds_composition: 2
@!@!@ENDMSG 2221 @!@!@
@!@!@STARTMSG 2221:0 @!@!@
  line 18, col 62 to line 18, col 76 of module Synchonous_fds_composition: 2
@!@!@ENDMSG 2221 @!@!@
@!@!@STARTMSG 2221:0 @!@!@
  line 22, col 11 to line 22, col 14 of module Synchonous_fds_composition: 124
@!@!@ENDMSG 2221 @!@!@
@!@!@STARTMSG 2221:0 @!@!@
  |line 22, col 11 to line 22, col 12 of module Synchonous_fds_composition: 84
@!@!@ENDMSG 2221 @!@!@
@!@!@STARTMSG 2221:0 @!@!@
  line 22, col 19 to line 22, col 28 of module Synchonous_fds_composition: 40
@!@!@ENDMSG 2221 @!@!@
@!@!@STARTMSG 2221:0 @!@!@
  |line 22, col 19 to line 22, col 25 of module Synchonous_fds_composition: 42
@!@!@ENDMSG 2221 @!@!@
@!@!@STARTMSG 2221:0 @!@!@
  line 22, col 33 to line 22, col 52 of module Synchonous_fds_composition: 40
@!@!@ENDMSG 2221 @!@!@
@!@!@STARTMSG 2221:0 @!@!@
  line 22, col 62 to line 22, col 78 of module Synchonous_fds_composition: 40
@!@!@ENDMSG 2221 @!@!@
@!@!@STARTMSG 2221:0 @!@!@
  line 23, col 11 to line 23, col 14 of module Synchonous_fds_composition: 86
@!@!@ENDMSG 2221 @!@!@
@!@!@STARTMSG 2221:0 @!@!@
  |line 23, col 11 to line 23, col 12 of module Synchonous_fds_composition: 84
@!@!@ENDMSG 2221 @!@!@
@!@!@STARTMSG 2221:0 @!@!@
  line 23, col 19 to line 23, col 28 of module Synchonous_fds_composition: 44
@!@!@ENDMSG 2221 @!@!@
@!@!@STARTMSG 2221:0 @!@!@
  |line 23, col 19 to line 23, col 25 of module Synchonous_fds_composition: 42
@!@!@ENDMSG 2221 @!@!@
@!@!@STARTMSG 2221:0 @!@!@
  line 23, col 33 to line 23, col 42 of module Synchonous_fds_composition: 2
@!@!@ENDMSG 2221 @!@!@
@!@!@STARTMSG 2221:0 @!@!@
  line 23, col 47 to line 23, col 51 of module Synchonous_fds_composition: 2
@!@!@ENDMSG 2221 @!@!@
@!@!@STARTMSG 2221:0 @!@!@
  line 23, col 62 to line 23, col 76 of module Synchonous_fds_composition: 4
@!@!@ENDMSG 2221 @!@!@
@!@!@STARTMSG 2221:0 @!@!@
  line 24, col 11 to line 24, col 14 of module Synchonous_fds_composition: 124
@!@!@ENDMSG 2221 @!@!@
@!@!@STARTMSG 2221:0 @!@!@
  |line 24, col 11 to line 24, col 12 of module Synchonous_fds_composition: 84
@!@!@ENDMSG 2221 @!@!@
@!@!@STARTMSG 2221:0 @!@!@
  line 24, col 19 to line 24, col 28 of module Synchonous_fds_composition: 40
@!@!@ENDMSG 2221 @!@!@
@!@!@STARTMSG 2221:0 @!@!@
  |line 24, col 19 to line 24, col 25 of module Synchonous_fds_composition: 42
@!@!@ENDMSG 2221 @!@!@
@!@!@STARTMSG 2221:0 @!@!@
  line 24, col 33 to line 24, col 52 of module Synchonous_fds_composition: 40
@!@!@ENDMSG 2221 @!@!@
@!@!@STARTMSG 2221:0 @!@!@
  line 24, col 62 to line 24, col 78 of module Synchonous_fds_composition: 40
@!@!@ENDMSG 2221 @!@!@
@!@!@STARTMSG 2221:0 @!@!@
  line 25, col 11 to line 25, col 14 of module Synchonous_fds_composition: 85
@!@!@ENDMSG 2221 @!@!@
@!@!@STARTMSG 2221:0 @!@!@
  |line 25, col 11 to line 25, col 12 of module Synchonous_fds_composition: 84
@!@!@ENDMSG 2221 @!@!@
@!@!@STARTMSG 2221:0 @!@!@
  line 25, col 19 to line 25, col 28 of module Synchonous_fds_composition: 43
@!@!@ENDMSG 2221 @!@!@
@!@!@STARTMSG 2221:0 @!@!@
  |line 25, col 19 to line 25, col 25 of module Synchonous_fds_composition: 42
@!@!@ENDMSG 2221 @!@!@
@!@!@STARTMSG 2221:0 @!@!@
  line 25, col 33 to line 25, col 42 of module Synchonous_fds_composition: 1
@!@!@ENDMSG 2221 @!@!@
@!@!@STARTMSG 2221:0 @!@!@
  line 25, col 47 to line 25, col 51 of module Synchonous_fds_composition: 1
@!@!@ENDMSG 2221 @!@!@
@!@!@STARTMSG 2221:0 @!@!@
  line 25, col 62 to line 25, col 76 of module Synchonous_fds_composition: 4
@!@!@ENDMSG 2221 @!@!@
@!@!@STARTMSG 2774:0 @!@!@
<inv_16619654430273000 line 5, col 1 to line 5, col 21 of module MC>
@!@!@ENDMSG 2774 @!@!@
@!@!@STARTMSG 2221:0 @!@!@
  line 6, col 1 to line 6, col 29 of module MC: 43
@!@!@ENDMSG 2221 @!@!@
@!@!@STARTMSG 2221:0 @!@!@
  |line 6, col 3 to line 6, col 28 of module MC: 43
@!@!@ENDMSG 2221 @!@!@
@!@!@STARTMSG 2221:0 @!@!@
  ||line 6, col 4 to line 6, col 13 of module MC: 43
@!@!@ENDMSG 2221 @!@!@
@!@!@STARTMSG 2221:0 @!@!@
  |||line 6, col 4 to line 6, col 7 of module MC: 43
@!@!@ENDMSG 2221 @!@!@
@!@!@STARTMSG 2221:0 @!@!@
  |||line 6, col 10 to line 6, col 13 of module MC: 21
@!@!@ENDMSG 2221 @!@!@
@!@!@STARTMSG 2221:0 @!@!@
  ||line 6, col 18 to line 6, col 27 of module MC: 43
@!@!@ENDMSG 2221 @!@!@
@!@!@STARTMSG 2221:0 @!@!@
  |||line 6, col 18 to line 6, col 21 of module MC: 43
@!@!@ENDMSG 2221 @!@!@
@!@!@STARTMSG 2221:0 @!@!@
  |||line 6, col 24 to line 6, col 27 of module MC: 22
@!@!@ENDMSG 2221 @!@!@
@!@!@STARTMSG 2202:0 @!@!@
End of statistics.
@!@!@ENDMSG 2202 @!@!@
@!@!@STARTMSG 2200:0 @!@!@
Progress(43) at 2022-08-31 22:34:04: 43 states generated (3,529 s/min), 43 distinct states found (3,529 ds/min), 0 states left on queue.
@!@!@ENDMSG 2200 @!@!@
@!@!@STARTMSG 2199:0 @!@!@
43 states generated, 43 distinct states found, 0 states left on queue.
@!@!@ENDMSG 2199 @!@!@
@!@!@STARTMSG 2194:0 @!@!@
The depth of the complete state graph search is 43.
@!@!@ENDMSG 2194 @!@!@
@!@!@STARTMSG 2268:0 @!@!@
The average outdegree of the complete state graph is 1 (minimum is 1, the maximum 1 and the 95th percentile is 1).
@!@!@ENDMSG 2268 @!@!@
@!@!@STARTMSG 2186:0 @!@!@
Finished in 737ms at (2022-08-31 22:34:04)
@!@!@ENDMSG 2186 @!@!@
