@!@!@STARTMSG 2262:0 @!@!@
TLC2 Version 2.16 of 31 December 2020 (rev: cdddf55)
@!@!@ENDMSG 2262 @!@!@
@!@!@STARTMSG 2187:0 @!@!@
Running breadth-first search Model-Checking with fp 57 and seed 8957982501501481232 with 4 workers on 8 cores with 578MB heap and 1297MB offheap memory [pid: 12265] (Linux 5.15.0-48-generic amd64, AdoptOpenJDK 14.0.1 x86_64, OffHeapDiskFPSet, DiskStateQueue).
@!@!@ENDMSG 2187 @!@!@
@!@!@STARTMSG 2220:0 @!@!@
Starting SANY...
@!@!@ENDMSG 2220 @!@!@
Parsing file /home/mr_ab/Acads/Sem_5/model_checking/lab/Vending_machines.toolbox/Model_1/MC.tla
Parsing file /home/mr_ab/Acads/Sem_5/model_checking/lab/Vending_machines.toolbox/Model_1/vending_machine.tla
Parsing file /opt/TLA+Toolbox/plugins/org.lamport.tlatools_1.0.0.202012311918/tla2sany/StandardModules/TLC.tla
Parsing file /opt/TLA+Toolbox/plugins/org.lamport.tlatools_1.0.0.202012311918/tla2sany/StandardModules/Integers.tla
Parsing file /opt/TLA+Toolbox/plugins/org.lamport.tlatools_1.0.0.202012311918/tla2sany/StandardModules/Naturals.tla
Parsing file /opt/TLA+Toolbox/plugins/org.lamport.tlatools_1.0.0.202012311918/tla2sany/StandardModules/Sequences.tla
Parsing file /opt/TLA+Toolbox/plugins/org.lamport.tlatools_1.0.0.202012311918/tla2sany/StandardModules/FiniteSets.tla
Semantic processing of module Naturals
Semantic processing of module Integers
Semantic processing of module vending_machine
Semantic processing of module Sequences
Semantic processing of module FiniteSets
Semantic processing of module TLC
Semantic processing of module MC
@!@!@STARTMSG 2219:0 @!@!@
SANY finished.
@!@!@ENDMSG 2219 @!@!@
@!@!@STARTMSG 2185:0 @!@!@
Starting... (2022-09-21 18:41:49)
@!@!@ENDMSG 2185 @!@!@
@!@!@STARTMSG 2189:0 @!@!@
Computing initial states...
@!@!@ENDMSG 2189 @!@!@
@!@!@STARTMSG 2102:1 @!@!@
Attempted to evaluate an expression of form P => Q when P was
an integer.
line 6, col 1 to line 6, col 21 of module MC
While working on the initial state:
/\ state = 0
/\ paid = 0
/\ drink_dispensed = 0

@!@!@ENDMSG 2102 @!@!@
@!@!@STARTMSG 2103:1 @!@!@
The error occurred when TLC was evaluating the nested
expressions at the following positions:
0. Line 10, column 10 to line 10, column 47 in vending_machine
1. Line 10, column 10 to line 10, column 26 in vending_machine
2. Line 10, column 10 to line 10, column 16 in vending_machine
3. Line 10, column 21 to line 10, column 26 in vending_machine
4. Line 10, column 31 to line 10, column 47 in vending_machine
5. Line 6, column 1 to line 6, column 21 in MC


@!@!@ENDMSG 2103 @!@!@
@!@!@STARTMSG 2201:0 @!@!@
The coverage statistics at 2022-09-21 18:41:49
@!@!@ENDMSG 2201 @!@!@
@!@!@STARTMSG 2773:0 @!@!@
<init line 10, col 1 to line 10, col 4 of module vending_machine>: 2:2
@!@!@ENDMSG 2773 @!@!@
@!@!@STARTMSG 2221:0 @!@!@
  line 10, col 10 to line 10, col 47 of module vending_machine: 2
@!@!@ENDMSG 2221 @!@!@
@!@!@STARTMSG 2772:0 @!@!@
<coin_insert line 13, col 1 to line 13, col 11 of module vending_machine>: 0:0
@!@!@ENDMSG 2772 @!@!@
@!@!@STARTMSG 2221:0 @!@!@
  line 13, col 30 to line 13, col 37 of module vending_machine: 0
@!@!@ENDMSG 2221 @!@!@
@!@!@STARTMSG 2221:0 @!@!@
  line 13, col 42 to line 13, col 48 of module vending_machine: 0
@!@!@ENDMSG 2221 @!@!@
@!@!@STARTMSG 2221:0 @!@!@
  line 13, col 53 to line 13, col 84 of module vending_machine: 0
@!@!@ENDMSG 2221 @!@!@
@!@!@STARTMSG 2772:0 @!@!@
<select_drink_coc line 15, col 1 to line 15, col 16 of module vending_machine>: 0:0
@!@!@ENDMSG 2772 @!@!@
@!@!@STARTMSG 2221:0 @!@!@
  line 15, col 35 to line 15, col 42 of module vending_machine: 0
@!@!@ENDMSG 2221 @!@!@
@!@!@STARTMSG 2221:0 @!@!@
  line 15, col 47 to line 15, col 56 of module vending_machine: 0
@!@!@ENDMSG 2221 @!@!@
@!@!@STARTMSG 2221:0 @!@!@
  line 15, col 61 to line 15, col 92 of module vending_machine: 0
@!@!@ENDMSG 2221 @!@!@
@!@!@STARTMSG 2772:0 @!@!@
<select_drink_pepsi line 16, col 1 to line 16, col 18 of module vending_machine>: 0:0
@!@!@ENDMSG 2772 @!@!@
@!@!@STARTMSG 2221:0 @!@!@
  line 16, col 37 to line 16, col 44 of module vending_machine: 0
@!@!@ENDMSG 2221 @!@!@
@!@!@STARTMSG 2221:0 @!@!@
  line 16, col 49 to line 16, col 58 of module vending_machine: 0
@!@!@ENDMSG 2221 @!@!@
@!@!@STARTMSG 2221:0 @!@!@
  line 16, col 63 to line 16, col 94 of module vending_machine: 0
@!@!@ENDMSG 2221 @!@!@
@!@!@STARTMSG 2772:0 @!@!@
<drink_dispensing line 18, col 1 to line 18, col 16 of module vending_machine>: 0:0
@!@!@ENDMSG 2772 @!@!@
@!@!@STARTMSG 2221:0 @!@!@
  line 18, col 51 to line 18, col 58 of module vending_machine: 0
@!@!@ENDMSG 2221 @!@!@
@!@!@STARTMSG 2221:0 @!@!@
  line 18, col 63 to line 18, col 72 of module vending_machine: 0
@!@!@ENDMSG 2221 @!@!@
@!@!@STARTMSG 2221:0 @!@!@
  line 18, col 77 to line 18, col 94 of module vending_machine: 0
@!@!@ENDMSG 2221 @!@!@
@!@!@STARTMSG 2772:0 @!@!@
<reset line 20, col 1 to line 20, col 5 of module vending_machine>: 0:0
@!@!@ENDMSG 2772 @!@!@
@!@!@STARTMSG 2221:0 @!@!@
  line 20, col 24 to line 20, col 31 of module vending_machine: 0
@!@!@ENDMSG 2221 @!@!@
@!@!@STARTMSG 2221:0 @!@!@
  line 20, col 36 to line 20, col 42 of module vending_machine: 0
@!@!@ENDMSG 2221 @!@!@
@!@!@STARTMSG 2221:0 @!@!@
  line 20, col 47 to line 20, col 64 of module vending_machine: 0
@!@!@ENDMSG 2221 @!@!@
@!@!@STARTMSG 2774:0 @!@!@
<inv_1663765908671103000 line 5, col 1 to line 5, col 23 of module MC>
@!@!@ENDMSG 2774 @!@!@
@!@!@STARTMSG 2221:0 @!@!@
  line 6, col 1 to line 6, col 21 of module MC: 2
@!@!@ENDMSG 2221 @!@!@
@!@!@STARTMSG 2202:0 @!@!@
End of statistics.
@!@!@ENDMSG 2202 @!@!@
@!@!@STARTMSG 2200:0 @!@!@
Progress(1) at 2022-09-21 18:41:49: 1 states generated (69 s/min), 1 distinct states found (69 ds/min), 1 states left on queue.
@!@!@ENDMSG 2200 @!@!@
@!@!@STARTMSG 2199:0 @!@!@
1 states generated, 1 distinct states found, 1 states left on queue.
@!@!@ENDMSG 2199 @!@!@
@!@!@STARTMSG 2186:0 @!@!@
Finished in 870ms at (2022-09-21 18:41:49)
@!@!@ENDMSG 2186 @!@!@
